[6.189s] [34mcolcon[0m [1;30mDEBUG[0m [32mCommand line arguments: ['/usr/bin/colcon', 'build'][0m
[6.189s] [34mcolcon[0m [1;30mDEBUG[0m [32mParsed command line arguments: Namespace(log_base=None, log_level=None, verb_name='build', build_base='build', install_base='install', merge_install=False, symlink_install=False, test_result_base=None, continue_on_error=False, executor='parallel', parallel_workers=4, event_handlers=None, ignore_user_meta=False, metas=['./colcon.meta'], base_paths=['.'], packages_ignore=None, packages_ignore_regex=None, paths=None, packages_up_to=None, packages_up_to_regex=None, packages_above=None, packages_above_and_dependencies=None, packages_above_depth=None, packages_select_by_dep=None, packages_skip_by_dep=None, packages_skip_up_to=None, packages_select_build_failed=False, packages_skip_build_finished=False, packages_select_test_failures=False, packages_skip_test_passed=False, packages_select=None, packages_skip=None, packages_select_regex=None, packages_skip_regex=None, packages_start=None, packages_end=None, allow_overriding=[], cmake_args=None, cmake_target=None, cmake_target_skip_unavailable=False, cmake_clean_cache=False, cmake_clean_first=False, cmake_force_configure=False, ament_cmake_args=None, catkin_cmake_args=None, catkin_skip_building_tests=False, verb_parser=<colcon_defaults.argument_parser.defaults.DefaultArgumentsDecorator object at 0xffff9065d660>, verb_extension=<colcon_core.verb.build.BuildVerb object at 0xffff90b3b370>, main=<bound method BuildVerb.main of <colcon_core.verb.build.BuildVerb object at 0xffff90b3b370>>)[0m
[6.461s] [34mcolcon.colcon_core.package_discovery[0m [1;30mLevel 1[0m discover_packages(colcon_meta) check parameters
[6.462s] [34mcolcon.colcon_core.package_discovery[0m [1;30mLevel 1[0m discover_packages(recursive) check parameters
[6.462s] [34mcolcon.colcon_core.package_discovery[0m [1;30mLevel 1[0m discover_packages(ignore) check parameters
[6.462s] [34mcolcon.colcon_core.package_discovery[0m [1;30mLevel 1[0m discover_packages(path) check parameters
[6.462s] [34mcolcon.colcon_core.package_discovery[0m [1;30mLevel 1[0m discover_packages(colcon_meta) discover
[6.463s] [34mcolcon.colcon_core.package_discovery[0m [1;30mLevel 1[0m discover_packages(recursive) discover
[6.463s] [34mcolcon.colcon_core.package_discovery[0m [1;30mINFO[0m Crawling recursively for packages in '/home/ubuntu/ros2_ws'
[6.464s] [34mcolcon.colcon_core.package_identification[0m [1;30mLevel 1[0m _identify(.) by extensions ['ignore', 'ignore_ament_install']
[6.464s] [34mcolcon.colcon_core.package_identification[0m [1;30mLevel 1[0m _identify(.) by extension 'ignore'
[6.465s] [34mcolcon.colcon_core.package_identification[0m [1;30mLevel 1[0m _identify(.) by extension 'ignore_ament_install'
[6.465s] [34mcolcon.colcon_core.package_identification[0m [1;30mLevel 1[0m _identify(.) by extensions ['colcon_pkg']
[6.465s] [34mcolcon.colcon_core.package_identification[0m [1;30mLevel 1[0m _identify(.) by extension 'colcon_pkg'
[6.465s] [34mcolcon.colcon_core.package_identification[0m [1;30mLevel 1[0m _identify(.) by extensions ['colcon_meta']
[6.466s] [34mcolcon.colcon_core.package_identification[0m [1;30mLevel 1[0m _identify(.) by extension 'colcon_meta'
[6.466s] [34mcolcon.colcon_core.package_identification[0m [1;30mLevel 1[0m _identify(.) by extensions ['ros']
[6.466s] [34mcolcon.colcon_core.package_identification[0m [1;30mLevel 1[0m _identify(.) by extension 'ros'
[6.517s] [34mcolcon.colcon_core.package_identification[0m [1;30mLevel 1[0m _identify(.) by extensions ['cmake', 'python']
[6.517s] [34mcolcon.colcon_core.package_identification[0m [1;30mLevel 1[0m _identify(.) by extension 'cmake'
[6.517s] [34mcolcon.colcon_core.package_identification[0m [1;30mLevel 1[0m _identify(.) by extension 'python'
[6.518s] [34mcolcon.colcon_core.package_identification[0m [1;30mLevel 1[0m _identify(.) by extensions ['python_setup_py']
[6.518s] [34mcolcon.colcon_core.package_identification[0m [1;30mLevel 1[0m _identify(.) by extension 'python_setup_py'
[6.519s] [34mcolcon.colcon_core.package_identification[0m [1;30mLevel 1[0m _identify(build) by extensions ['ignore', 'ignore_ament_install']
[6.519s] [34mcolcon.colcon_core.package_identification[0m [1;30mLevel 1[0m _identify(build) by extension 'ignore'
[6.520s] [34mcolcon.colcon_core.package_identification[0m [1;30mLevel 1[0m _identify(build) ignored
[6.520s] [34mcolcon.colcon_core.package_identification[0m [1;30mLevel 1[0m _identify(install) by extensions ['ignore', 'ignore_ament_install']
[6.521s] [34mcolcon.colcon_core.package_identification[0m [1;30mLevel 1[0m _identify(install) by extension 'ignore'
[6.521s] [34mcolcon.colcon_core.package_identification[0m [1;30mLevel 1[0m _identify(install) ignored
[6.522s] [34mcolcon.colcon_core.package_identification[0m [1;30mLevel 1[0m _identify(log) by extensions ['ignore', 'ignore_ament_install']
[6.522s] [34mcolcon.colcon_core.package_identification[0m [1;30mLevel 1[0m _identify(log) by extension 'ignore'
[6.523s] [34mcolcon.colcon_core.package_identification[0m [1;30mLevel 1[0m _identify(log) ignored
[6.523s] [34mcolcon.colcon_core.package_identification[0m [1;30mLevel 1[0m _identify(src) by extensions ['ignore', 'ignore_ament_install']
[6.524s] [34mcolcon.colcon_core.package_identification[0m [1;30mLevel 1[0m _identify(src) by extension 'ignore'
[6.524s] [34mcolcon.colcon_core.package_identification[0m [1;30mLevel 1[0m _identify(src) by extension 'ignore_ament_install'
[6.524s] [34mcolcon.colcon_core.package_identification[0m [1;30mLevel 1[0m _identify(src) by extensions ['colcon_pkg']
[6.524s] [34mcolcon.colcon_core.package_identification[0m [1;30mLevel 1[0m _identify(src) by extension 'colcon_pkg'
[6.525s] [34mcolcon.colcon_core.package_identification[0m [1;30mLevel 1[0m _identify(src) by extensions ['colcon_meta']
[6.525s] [34mcolcon.colcon_core.package_identification[0m [1;30mLevel 1[0m _identify(src) by extension 'colcon_meta'
[6.525s] [34mcolcon.colcon_core.package_identification[0m [1;30mLevel 1[0m _identify(src) by extensions ['ros']
[6.525s] [34mcolcon.colcon_core.package_identification[0m [1;30mLevel 1[0m _identify(src) by extension 'ros'
[6.526s] [34mcolcon.colcon_core.package_identification[0m [1;30mLevel 1[0m _identify(src) by extensions ['cmake', 'python']
[6.526s] [34mcolcon.colcon_core.package_identification[0m [1;30mLevel 1[0m _identify(src) by extension 'cmake'
[6.526s] [34mcolcon.colcon_core.package_identification[0m [1;30mLevel 1[0m _identify(src) by extension 'python'
[6.526s] [34mcolcon.colcon_core.package_identification[0m [1;30mLevel 1[0m _identify(src) by extensions ['python_setup_py']
[6.527s] [34mcolcon.colcon_core.package_identification[0m [1;30mLevel 1[0m _identify(src) by extension 'python_setup_py'
[6.527s] [34mcolcon.colcon_core.package_identification[0m [1;30mLevel 1[0m _identify(src/mpu6050_pub) by extensions ['ignore', 'ignore_ament_install']
[6.528s] [34mcolcon.colcon_core.package_identification[0m [1;30mLevel 1[0m _identify(src/mpu6050_pub) by extension 'ignore'
[6.528s] [34mcolcon.colcon_core.package_identification[0m [1;30mLevel 1[0m _identify(src/mpu6050_pub) by extension 'ignore_ament_install'
[6.528s] [34mcolcon.colcon_core.package_identification[0m [1;30mLevel 1[0m _identify(src/mpu6050_pub) by extensions ['colcon_pkg']
[6.529s] [34mcolcon.colcon_core.package_identification[0m [1;30mLevel 1[0m _identify(src/mpu6050_pub) by extension 'colcon_pkg'
[6.529s] [34mcolcon.colcon_core.package_identification[0m [1;30mLevel 1[0m _identify(src/mpu6050_pub) by extensions ['colcon_meta']
[6.529s] [34mcolcon.colcon_core.package_identification[0m [1;30mLevel 1[0m _identify(src/mpu6050_pub) by extension 'colcon_meta'
[6.529s] [34mcolcon.colcon_core.package_identification[0m [1;30mLevel 1[0m _identify(src/mpu6050_pub) by extensions ['ros']
[6.529s] [34mcolcon.colcon_core.package_identification[0m [1;30mLevel 1[0m _identify(src/mpu6050_pub) by extension 'ros'
[6.540s] [34mcolcon.colcon_core.package_identification[0m [1;30mDEBUG[0m [32mPackage 'src/mpu6050_pub' with type 'ros.ament_python' and name 'mpu6050_pub'[0m
[6.540s] [34mcolcon.colcon_core.package_discovery[0m [1;30mLevel 1[0m discover_packages(recursive) using defaults
[6.541s] [34mcolcon.colcon_core.package_discovery[0m [1;30mLevel 1[0m discover_packages(ignore) discover
[6.541s] [34mcolcon.colcon_core.package_discovery[0m [1;30mLevel 1[0m discover_packages(ignore) using defaults
[6.541s] [34mcolcon.colcon_core.package_discovery[0m [1;30mLevel 1[0m discover_packages(path) discover
[6.541s] [34mcolcon.colcon_core.package_discovery[0m [1;30mLevel 1[0m discover_packages(path) using defaults
[7.073s] [34mcolcon.colcon_core.package_discovery[0m [1;30mLevel 1[0m discover_packages(prefix_path) check parameters
[7.073s] [34mcolcon.colcon_core.package_discovery[0m [1;30mLevel 1[0m discover_packages(prefix_path) discover
[7.165s] [34mcolcon.colcon_ros.prefix_path.ament[0m [1;30mWARNING[0m [33mThe path '/home/ubuntu/ros2_ws/install/mpu6050_ros' in the environment variable AMENT_PREFIX_PATH doesn't exist[0m
[7.261s] [34mcolcon.colcon_installed_package_information.package_discovery[0m [1;30mDEBUG[0m [32mFound 1 installed packages in /home/ubuntu/ros2_ws/install[0m
[7.362s] [34mcolcon.colcon_installed_package_information.package_discovery[0m [1;30mDEBUG[0m [32mFound 298 installed packages in /opt/ros/humble[0m
[7.370s] [34mcolcon.colcon_core.package_discovery[0m [1;30mLevel 1[0m discover_packages(prefix_path) using defaults
[7.932s] [34mcolcon.colcon_core.verb[0m [1;30mLevel 5[0m set package 'mpu6050_pub' build argument 'cmake_args' from command line to 'None'
[7.932s] [34mcolcon.colcon_core.verb[0m [1;30mLevel 5[0m set package 'mpu6050_pub' build argument 'cmake_target' from command line to 'None'
[7.932s] [34mcolcon.colcon_core.verb[0m [1;30mLevel 5[0m set package 'mpu6050_pub' build argument 'cmake_target_skip_unavailable' from command line to 'False'
[7.933s] [34mcolcon.colcon_core.verb[0m [1;30mLevel 5[0m set package 'mpu6050_pub' build argument 'cmake_clean_cache' from command line to 'False'
[7.933s] [34mcolcon.colcon_core.verb[0m [1;30mLevel 5[0m set package 'mpu6050_pub' build argument 'cmake_clean_first' from command line to 'False'
[7.933s] [34mcolcon.colcon_core.verb[0m [1;30mLevel 5[0m set package 'mpu6050_pub' build argument 'cmake_force_configure' from command line to 'False'
[7.933s] [34mcolcon.colcon_core.verb[0m [1;30mLevel 5[0m set package 'mpu6050_pub' build argument 'ament_cmake_args' from command line to 'None'
[7.933s] [34mcolcon.colcon_core.verb[0m [1;30mLevel 5[0m set package 'mpu6050_pub' build argument 'catkin_cmake_args' from command line to 'None'
[7.933s] [34mcolcon.colcon_core.verb[0m [1;30mLevel 5[0m set package 'mpu6050_pub' build argument 'catkin_skip_building_tests' from command line to 'False'
[7.934s] [34mcolcon.colcon_core.verb[0m [1;30mDEBUG[0m [32mBuilding package 'mpu6050_pub' with the following arguments: {'ament_cmake_args': None, 'build_base': '/home/ubuntu/ros2_ws/build/mpu6050_pub', 'catkin_cmake_args': None, 'catkin_skip_building_tests': False, 'cmake_args': None, 'cmake_clean_cache': False, 'cmake_clean_first': False, 'cmake_force_configure': False, 'cmake_target': None, 'cmake_target_skip_unavailable': False, 'install_base': '/home/ubuntu/ros2_ws/install/mpu6050_pub', 'merge_install': False, 'path': '/home/ubuntu/ros2_ws/src/mpu6050_pub', 'symlink_install': False, 'test_result_base': None}[0m
[8.026s] [34mcolcon.colcon_core.executor[0m [1;30mINFO[0m Executing jobs using 'parallel' executor
[8.119s] [34mcolcon.colcon_parallel_executor.executor.parallel[0m [1;30mDEBUG[0m [32mrun_until_complete[0m
[8.120s] [34mcolcon.colcon_ros.task.ament_python.build[0m [1;30mINFO[0m Building ROS package in '/home/ubuntu/ros2_ws/src/mpu6050_pub' with build type 'ament_python'
[8.121s] [34mcolcon.colcon_core.shell[0m [1;30mLevel 1[0m create_environment_hook('mpu6050_pub', 'ament_prefix_path')
[8.242s] [34mcolcon.colcon_core.plugin_system[0m [1;30mINFO[0m Skipping extension 'colcon_core.shell.bat': Not used on non-Windows systems
[8.243s] [34mcolcon.colcon_core.shell[0m [1;30mINFO[0m Creating environment hook '/home/ubuntu/ros2_ws/install/mpu6050_pub/share/mpu6050_pub/hook/ament_prefix_path.ps1'
[8.247s] [34mcolcon.colcon_core.shell[0m [1;30mINFO[0m Creating environment descriptor '/home/ubuntu/ros2_ws/install/mpu6050_pub/share/mpu6050_pub/hook/ament_prefix_path.dsv'
[8.249s] [34mcolcon.colcon_core.shell[0m [1;30mINFO[0m Creating environment hook '/home/ubuntu/ros2_ws/install/mpu6050_pub/share/mpu6050_pub/hook/ament_prefix_path.sh'
[8.368s] [34mcolcon.colcon_core.shell[0m [1;30mINFO[0m Skip shell extension 'powershell' for command environment: Not usable outside of PowerShell
[8.368s] [34mcolcon.colcon_core.shell[0m [1;30mDEBUG[0m [32mSkip shell extension 'dsv' for command environment[0m
[10.218s] [34mcolcon.colcon_core.task.python.build[0m [1;30mINFO[0m Building Python package in '/home/ubuntu/ros2_ws/src/mpu6050_pub'
[10.315s] [34mcolcon.colcon_core.shell[0m [1;30mINFO[0m Skip shell extension 'powershell' for command environment: Not usable outside of PowerShell
[10.316s] [34mcolcon.colcon_core.shell[0m [1;30mDEBUG[0m [32mSkip shell extension 'dsv' for command environment[0m
[12.686s] [34mcolcon.colcon_core.event_handler.log_command[0m [1;30mDEBUG[0m [32mInvoking command in '/home/ubuntu/ros2_ws/src/mpu6050_pub': PYTHONPATH=/home/ubuntu/ros2_ws/build/mpu6050_pub/prefix_override:/home/ubuntu/ros2_ws/install/mpu6050_pub/lib/python3.10/site-packages:${PYTHONPATH} /usr/bin/python3 setup.py egg_info --egg-base ../../build/mpu6050_pub build --build-base /home/ubuntu/ros2_ws/build/mpu6050_pub/build install --record /home/ubuntu/ros2_ws/build/mpu6050_pub/install.log --single-version-externally-managed[0m
[14.467s] [34mcolcon.colcon_core.event_handler.log_command[0m [1;30mDEBUG[0m [32mInvoked command in '/home/ubuntu/ros2_ws/src/mpu6050_pub' returned '0': PYTHONPATH=/home/ubuntu/ros2_ws/build/mpu6050_pub/prefix_override:/home/ubuntu/ros2_ws/install/mpu6050_pub/lib/python3.10/site-packages:${PYTHONPATH} /usr/bin/python3 setup.py egg_info --egg-base ../../build/mpu6050_pub build --build-base /home/ubuntu/ros2_ws/build/mpu6050_pub/build install --record /home/ubuntu/ros2_ws/build/mpu6050_pub/install.log --single-version-externally-managed[0m
[14.575s] [34mcolcon.colcon_core.environment[0m [1;30mLevel 1[0m checking '/home/ubuntu/ros2_ws/install/mpu6050_pub' for CMake module files
[14.578s] [34mcolcon.colcon_core.environment[0m [1;30mLevel 1[0m checking '/home/ubuntu/ros2_ws/install/mpu6050_pub' for CMake config files
[14.583s] [34mcolcon.colcon_core.environment[0m [1;30mLevel 1[0m checking '/home/ubuntu/ros2_ws/install/mpu6050_pub/lib'
[14.584s] [34mcolcon.colcon_core.environment[0m [1;30mLevel 1[0m checking '/home/ubuntu/ros2_ws/install/mpu6050_pub/bin'
[14.585s] [34mcolcon.colcon_core.environment[0m [1;30mLevel 1[0m checking '/home/ubuntu/ros2_ws/install/mpu6050_pub/lib/pkgconfig/mpu6050_pub.pc'
[14.586s] [34mcolcon.colcon_core.environment[0m [1;30mLevel 1[0m checking '/home/ubuntu/ros2_ws/install/mpu6050_pub/lib/python3.10/site-packages'
[14.587s] [34mcolcon.colcon_core.shell[0m [1;30mLevel 1[0m create_environment_hook('mpu6050_pub', 'pythonpath')
[14.682s] [34mcolcon.colcon_core.shell[0m [1;30mINFO[0m Creating environment hook '/home/ubuntu/ros2_ws/install/mpu6050_pub/share/mpu6050_pub/hook/pythonpath.ps1'
[14.685s] [34mcolcon.colcon_core.shell[0m [1;30mINFO[0m Creating environment descriptor '/home/ubuntu/ros2_ws/install/mpu6050_pub/share/mpu6050_pub/hook/pythonpath.dsv'
[14.687s] [34mcolcon.colcon_core.shell[0m [1;30mINFO[0m Creating environment hook '/home/ubuntu/ros2_ws/install/mpu6050_pub/share/mpu6050_pub/hook/pythonpath.sh'
[14.690s] [34mcolcon.colcon_core.environment[0m [1;30mLevel 1[0m checking '/home/ubuntu/ros2_ws/install/mpu6050_pub/bin'
[14.691s] [34mcolcon.colcon_core.environment[0m [1;30mLevel 1[0m create_environment_scripts_only(mpu6050_pub)
[14.785s] [34mcolcon.colcon_core.shell[0m [1;30mINFO[0m Creating package script '/home/ubuntu/ros2_ws/install/mpu6050_pub/share/mpu6050_pub/package.ps1'
[14.790s] [34mcolcon.colcon_core.shell[0m [1;30mINFO[0m Creating package descriptor '/home/ubuntu/ros2_ws/install/mpu6050_pub/share/mpu6050_pub/package.dsv'
[14.793s] [34mcolcon.colcon_core.shell[0m [1;30mINFO[0m Creating package script '/home/ubuntu/ros2_ws/install/mpu6050_pub/share/mpu6050_pub/package.sh'
[14.797s] [34mcolcon.colcon_core.shell[0m [1;30mINFO[0m Creating package script '/home/ubuntu/ros2_ws/install/mpu6050_pub/share/mpu6050_pub/package.bash'
[14.801s] [34mcolcon.colcon_core.shell[0m [1;30mINFO[0m Creating package script '/home/ubuntu/ros2_ws/install/mpu6050_pub/share/mpu6050_pub/package.zsh'
[14.805s] [34mcolcon.colcon_core.environment[0m [1;30mLevel 1[0m create_file_with_runtime_dependencies(/home/ubuntu/ros2_ws/install/mpu6050_pub/share/colcon-core/packages/mpu6050_pub)
[14.806s] [34mcolcon.colcon_parallel_executor.executor.parallel[0m [1;30mDEBUG[0m [32mclosing loop[0m
[14.807s] [34mcolcon.colcon_parallel_executor.executor.parallel[0m [1;30mDEBUG[0m [32mloop closed[0m
[14.808s] [34mcolcon.colcon_parallel_executor.executor.parallel[0m [1;30mDEBUG[0m [32mrun_until_complete finished with '0'[0m
[14.808s] [34mcolcon.colcon_core.event_reactor[0m [1;30mDEBUG[0m [32mjoining thread[0m
[14.929s] [34mcolcon.colcon_core.plugin_system[0m [1;30mINFO[0m Skipping extension 'colcon_notification.desktop_notification.terminal_notifier': Not used on non-Darwin systems
[14.930s] [34mcolcon.colcon_core.plugin_system[0m [1;30mINFO[0m Skipping extension 'colcon_notification.desktop_notification.win32': Not used on non-Windows systems
[14.930s] [34mcolcon.colcon_notification.desktop_notification[0m [1;30mINFO[0m Sending desktop notification using 'notify2'
[14.936s] [34mcolcon.colcon_notification.desktop_notification.notify2[0m [1;30mDEBUG[0m [32mFailed to initialize notify2: org.freedesktop.DBus.Error.ServiceUnknown: The name org.freedesktop.Notifications was not provided by any .service files[0m
[14.936s] [34mcolcon.colcon_core.event_reactor[0m [1;30mDEBUG[0m [32mjoined thread[0m
[15.029s] [34mcolcon.colcon_core.shell[0m [1;30mINFO[0m Creating prefix script '/home/ubuntu/ros2_ws/install/local_setup.ps1'
[15.033s] [34mcolcon.colcon_core.shell[0m [1;30mINFO[0m Creating prefix util module '/home/ubuntu/ros2_ws/install/_local_setup_util_ps1.py'
[15.040s] [34mcolcon.colcon_core.shell[0m [1;30mINFO[0m Creating prefix chain script '/home/ubuntu/ros2_ws/install/setup.ps1'
[15.135s] [34mcolcon.colcon_core.shell[0m [1;30mINFO[0m Creating prefix script '/home/ubuntu/ros2_ws/install/local_setup.sh'
[15.139s] [34mcolcon.colcon_core.shell[0m [1;30mINFO[0m Creating prefix util module '/home/ubuntu/ros2_ws/install/_local_setup_util_sh.py'
[15.141s] [34mcolcon.colcon_core.shell[0m [1;30mINFO[0m Creating prefix chain script '/home/ubuntu/ros2_ws/install/setup.sh'
[15.238s] [34mcolcon.colcon_core.shell[0m [1;30mINFO[0m Creating prefix script '/home/ubuntu/ros2_ws/install/local_setup.bash'
[15.241s] [34mcolcon.colcon_core.shell[0m [1;30mINFO[0m Creating prefix chain script '/home/ubuntu/ros2_ws/install/setup.bash'
[15.340s] [34mcolcon.colcon_core.shell[0m [1;30mINFO[0m Creating prefix script '/home/ubuntu/ros2_ws/install/local_setup.zsh'
[15.343s] [34mcolcon.colcon_core.shell[0m [1;30mINFO[0m Creating prefix chain script '/home/ubuntu/ros2_ws/install/setup.zsh'
