[5.525s] DEBUG:colcon:Command line arguments: ['/usr/bin/colcon', 'build', '--symlink-install']
[5.525s] DEBUG:colcon:Parsed command line arguments: Namespace(log_base=None, log_level=None, verb_name='build', build_base='build', install_base='install', merge_install=False, symlink_install=True, test_result_base=None, continue_on_error=False, executor='parallel', parallel_workers=4, event_handlers=None, ignore_user_meta=False, metas=['./colcon.meta'], base_paths=['.'], packages_ignore=None, packages_ignore_regex=None, paths=None, packages_up_to=None, packages_up_to_regex=None, packages_above=None, packages_above_and_dependencies=None, packages_above_depth=None, packages_select_by_dep=None, packages_skip_by_dep=None, packages_skip_up_to=None, packages_select_build_failed=False, packages_skip_build_finished=False, packages_select_test_failures=False, packages_skip_test_passed=False, packages_select=None, packages_skip=None, packages_select_regex=None, packages_skip_regex=None, packages_start=None, packages_end=None, allow_overriding=[], cmake_args=None, cmake_target=None, cmake_target_skip_unavailable=False, cmake_clean_cache=False, cmake_clean_first=False, cmake_force_configure=False, ament_cmake_args=None, catkin_cmake_args=None, catkin_skip_building_tests=False, verb_parser=<colcon_defaults.argument_parser.defaults.DefaultArgumentsDecorator object at 0xffffb2747f70>, verb_extension=<colcon_core.verb.build.BuildVerb object at 0xffffb2c5c970>, main=<bound method BuildVerb.main of <colcon_core.verb.build.BuildVerb object at 0xffffb2c5c970>>)
[5.878s] Level 1:colcon.colcon_core.package_discovery:discover_packages(colcon_meta) check parameters
[5.879s] Level 1:colcon.colcon_core.package_discovery:discover_packages(recursive) check parameters
[5.879s] Level 1:colcon.colcon_core.package_discovery:discover_packages(ignore) check parameters
[5.879s] Level 1:colcon.colcon_core.package_discovery:discover_packages(path) check parameters
[5.879s] Level 1:colcon.colcon_core.package_discovery:discover_packages(colcon_meta) discover
[5.880s] Level 1:colcon.colcon_core.package_discovery:discover_packages(recursive) discover
[5.880s] INFO:colcon.colcon_core.package_discovery:Crawling recursively for packages in '/home/ubuntu/Documents/PubSub'
[5.881s] Level 1:colcon.colcon_core.package_identification:_identify(.) by extensions ['ignore', 'ignore_ament_install']
[5.882s] Level 1:colcon.colcon_core.package_identification:_identify(.) by extension 'ignore'
[5.882s] Level 1:colcon.colcon_core.package_identification:_identify(.) by extension 'ignore_ament_install'
[5.883s] Level 1:colcon.colcon_core.package_identification:_identify(.) by extensions ['colcon_pkg']
[5.883s] Level 1:colcon.colcon_core.package_identification:_identify(.) by extension 'colcon_pkg'
[5.884s] Level 1:colcon.colcon_core.package_identification:_identify(.) by extensions ['colcon_meta']
[5.884s] Level 1:colcon.colcon_core.package_identification:_identify(.) by extension 'colcon_meta'
[5.884s] Level 1:colcon.colcon_core.package_identification:_identify(.) by extensions ['ros']
[5.884s] Level 1:colcon.colcon_core.package_identification:_identify(.) by extension 'ros'
[5.970s] DEBUG:colcon.colcon_core.package_identification:Package '.' with type 'ros.ament_python' and name 'PubSub'
[5.971s] Level 1:colcon.colcon_core.package_discovery:discover_packages(recursive) using defaults
[5.971s] Level 1:colcon.colcon_core.package_discovery:discover_packages(ignore) discover
[5.971s] Level 1:colcon.colcon_core.package_discovery:discover_packages(ignore) using defaults
[5.971s] Level 1:colcon.colcon_core.package_discovery:discover_packages(path) discover
[5.972s] Level 1:colcon.colcon_core.package_discovery:discover_packages(path) using defaults
[6.460s] Level 1:colcon.colcon_core.package_discovery:discover_packages(prefix_path) check parameters
[6.460s] Level 1:colcon.colcon_core.package_discovery:discover_packages(prefix_path) discover
[6.634s] DEBUG:colcon.colcon_installed_package_information.package_discovery:Found 270 installed packages in /opt/ros/humble
[6.641s] Level 1:colcon.colcon_core.package_discovery:discover_packages(prefix_path) using defaults
[7.124s] Level 5:colcon.colcon_core.verb:set package 'PubSub' build argument 'cmake_args' from command line to 'None'
[7.125s] Level 5:colcon.colcon_core.verb:set package 'PubSub' build argument 'cmake_target' from command line to 'None'
[7.125s] Level 5:colcon.colcon_core.verb:set package 'PubSub' build argument 'cmake_target_skip_unavailable' from command line to 'False'
[7.125s] Level 5:colcon.colcon_core.verb:set package 'PubSub' build argument 'cmake_clean_cache' from command line to 'False'
[7.125s] Level 5:colcon.colcon_core.verb:set package 'PubSub' build argument 'cmake_clean_first' from command line to 'False'
[7.125s] Level 5:colcon.colcon_core.verb:set package 'PubSub' build argument 'cmake_force_configure' from command line to 'False'
[7.126s] Level 5:colcon.colcon_core.verb:set package 'PubSub' build argument 'ament_cmake_args' from command line to 'None'
[7.126s] Level 5:colcon.colcon_core.verb:set package 'PubSub' build argument 'catkin_cmake_args' from command line to 'None'
[7.126s] Level 5:colcon.colcon_core.verb:set package 'PubSub' build argument 'catkin_skip_building_tests' from command line to 'False'
[7.126s] DEBUG:colcon.colcon_core.verb:Building package 'PubSub' with the following arguments: {'ament_cmake_args': None, 'build_base': '/home/ubuntu/Documents/PubSub/build/PubSub', 'catkin_cmake_args': None, 'catkin_skip_building_tests': False, 'cmake_args': None, 'cmake_clean_cache': False, 'cmake_clean_first': False, 'cmake_force_configure': False, 'cmake_target': None, 'cmake_target_skip_unavailable': False, 'install_base': '/home/ubuntu/Documents/PubSub/install/PubSub', 'merge_install': False, 'path': '/home/ubuntu/Documents/PubSub', 'symlink_install': True, 'test_result_base': None}
[7.211s] INFO:colcon.colcon_core.executor:Executing jobs using 'parallel' executor
[7.289s] DEBUG:colcon.colcon_parallel_executor.executor.parallel:run_until_complete
[7.290s] INFO:colcon.colcon_ros.task.ament_python.build:Building ROS package in '/home/ubuntu/Documents/PubSub' with build type 'ament_python'
[7.291s] Level 1:colcon.colcon_core.shell:create_environment_hook('PubSub', 'ament_prefix_path')
[7.378s] INFO:colcon.colcon_core.plugin_system:Skipping extension 'colcon_core.shell.bat': Not used on non-Windows systems
[7.379s] INFO:colcon.colcon_core.shell:Creating environment hook '/home/ubuntu/Documents/PubSub/install/PubSub/share/PubSub/hook/ament_prefix_path.ps1'
[7.383s] INFO:colcon.colcon_core.shell:Creating environment descriptor '/home/ubuntu/Documents/PubSub/install/PubSub/share/PubSub/hook/ament_prefix_path.dsv'
[7.385s] INFO:colcon.colcon_core.shell:Creating environment hook '/home/ubuntu/Documents/PubSub/install/PubSub/share/PubSub/hook/ament_prefix_path.sh'
[7.480s] INFO:colcon.colcon_core.shell:Skip shell extension 'powershell' for command environment: Not usable outside of PowerShell
[7.481s] DEBUG:colcon.colcon_core.shell:Skip shell extension 'dsv' for command environment
[9.216s] WARNING:colcon.colcon_ros.task.ament_python.build:Package 'PubSub' doesn't explicitly install a marker in the package index (colcon-ros currently does it implicitly but that fallback will be removed in the future)
[9.218s] WARNING:colcon.colcon_ros.task.ament_python.build:Package 'PubSub' doesn't explicitly install the 'package.xml' file (colcon-ros currently does it implicitly but that fallback will be removed in the future)
[9.219s] INFO:colcon.colcon_core.task.python.build:Building Python package in '/home/ubuntu/Documents/PubSub'
[9.305s] INFO:colcon.colcon_core.shell:Skip shell extension 'powershell' for command environment: Not usable outside of PowerShell
[9.306s] DEBUG:colcon.colcon_core.shell:Skip shell extension 'dsv' for command environment
[11.496s] DEBUG:colcon.colcon_core.event_handler.log_command:Invoking command in '/home/ubuntu/Documents/PubSub/build/PubSub': PYTHONPATH=/home/ubuntu/Documents/PubSub/build/PubSub/prefix_override:/home/ubuntu/Documents/PubSub/install/PubSub/lib/python3.10/site-packages:${PYTHONPATH} /usr/bin/python3 setup.py develop --editable --build-directory /home/ubuntu/Documents/PubSub/build/PubSub/build --no-deps
[15.865s] Level 1:colcon.colcon_core.shell:create_environment_hook('PubSub', 'pythonpath_develop')
[15.886s] DEBUG:colcon.colcon_core.event_handler.log_command:Invoked command in '/home/ubuntu/Documents/PubSub/build/PubSub' returned '0': PYTHONPATH=/home/ubuntu/Documents/PubSub/build/PubSub/prefix_override:/home/ubuntu/Documents/PubSub/install/PubSub/lib/python3.10/site-packages:${PYTHONPATH} /usr/bin/python3 setup.py develop --editable --build-directory /home/ubuntu/Documents/PubSub/build/PubSub/build --no-deps
[16.115s] INFO:colcon.colcon_core.shell:Creating environment hook '/home/ubuntu/Documents/PubSub/build/PubSub/share/PubSub/hook/pythonpath_develop.ps1'
[16.121s] INFO:colcon.colcon_core.shell:Creating environment descriptor '/home/ubuntu/Documents/PubSub/build/PubSub/share/PubSub/hook/pythonpath_develop.dsv'
[16.124s] INFO:colcon.colcon_core.shell:Creating environment hook '/home/ubuntu/Documents/PubSub/build/PubSub/share/PubSub/hook/pythonpath_develop.sh'
[16.346s] Level 1:colcon.colcon_core.environment:checking '/home/ubuntu/Documents/PubSub/install/PubSub' for CMake module files
[16.350s] Level 1:colcon.colcon_core.environment:checking '/home/ubuntu/Documents/PubSub/install/PubSub' for CMake config files
[16.355s] Level 1:colcon.colcon_core.environment:checking '/home/ubuntu/Documents/PubSub/install/PubSub/lib'
[16.357s] Level 1:colcon.colcon_core.environment:checking '/home/ubuntu/Documents/PubSub/install/PubSub/bin'
[16.358s] Level 1:colcon.colcon_core.environment:checking '/home/ubuntu/Documents/PubSub/install/PubSub/lib/pkgconfig/PubSub.pc'
[16.360s] Level 1:colcon.colcon_core.environment:checking '/home/ubuntu/Documents/PubSub/install/PubSub/lib/python3.10/site-packages'
[16.361s] Level 1:colcon.colcon_core.shell:create_environment_hook('PubSub', 'pythonpath')
[16.564s] INFO:colcon.colcon_core.shell:Creating environment hook '/home/ubuntu/Documents/PubSub/install/PubSub/share/PubSub/hook/pythonpath.ps1'
[16.567s] INFO:colcon.colcon_core.shell:Creating environment descriptor '/home/ubuntu/Documents/PubSub/install/PubSub/share/PubSub/hook/pythonpath.dsv'
[16.570s] INFO:colcon.colcon_core.shell:Creating environment hook '/home/ubuntu/Documents/PubSub/install/PubSub/share/PubSub/hook/pythonpath.sh'
[16.574s] Level 1:colcon.colcon_core.environment:checking '/home/ubuntu/Documents/PubSub/install/PubSub/bin'
[16.575s] Level 1:colcon.colcon_core.environment:create_environment_scripts_only(PubSub)
[16.735s] INFO:colcon.colcon_core.shell:Creating package script '/home/ubuntu/Documents/PubSub/install/PubSub/share/PubSub/package.ps1'
[16.742s] INFO:colcon.colcon_core.shell:Creating package descriptor '/home/ubuntu/Documents/PubSub/install/PubSub/share/PubSub/package.dsv'
[16.747s] INFO:colcon.colcon_core.shell:Creating package script '/home/ubuntu/Documents/PubSub/install/PubSub/share/PubSub/package.sh'
[16.752s] INFO:colcon.colcon_core.shell:Creating package script '/home/ubuntu/Documents/PubSub/install/PubSub/share/PubSub/package.bash'
[16.760s] INFO:colcon.colcon_core.shell:Creating package script '/home/ubuntu/Documents/PubSub/install/PubSub/share/PubSub/package.zsh'
[16.765s] Level 1:colcon.colcon_core.environment:create_file_with_runtime_dependencies(/home/ubuntu/Documents/PubSub/install/PubSub/share/colcon-core/packages/PubSub)
[16.768s] DEBUG:colcon.colcon_parallel_executor.executor.parallel:closing loop
[16.770s] DEBUG:colcon.colcon_parallel_executor.executor.parallel:loop closed
[16.770s] DEBUG:colcon.colcon_parallel_executor.executor.parallel:run_until_complete finished with '0'
[16.771s] DEBUG:colcon.colcon_core.event_reactor:joining thread
[17.011s] INFO:colcon.colcon_core.plugin_system:Skipping extension 'colcon_notification.desktop_notification.terminal_notifier': Not used on non-Darwin systems
[17.011s] INFO:colcon.colcon_core.plugin_system:Skipping extension 'colcon_notification.desktop_notification.win32': Not used on non-Windows systems
[17.012s] INFO:colcon.colcon_notification.desktop_notification:Sending desktop notification using 'notify2'
[17.077s] DEBUG:colcon.colcon_core.event_reactor:joined thread
[17.154s] INFO:colcon.colcon_core.shell:Creating prefix script '/home/ubuntu/Documents/PubSub/install/local_setup.ps1'
[17.159s] INFO:colcon.colcon_core.shell:Creating prefix util module '/home/ubuntu/Documents/PubSub/install/_local_setup_util_ps1.py'
[17.166s] INFO:colcon.colcon_core.shell:Creating prefix chain script '/home/ubuntu/Documents/PubSub/install/setup.ps1'
[17.260s] INFO:colcon.colcon_core.shell:Creating prefix script '/home/ubuntu/Documents/PubSub/install/local_setup.sh'
[17.266s] INFO:colcon.colcon_core.shell:Creating prefix util module '/home/ubuntu/Documents/PubSub/install/_local_setup_util_sh.py'
[17.269s] INFO:colcon.colcon_core.shell:Creating prefix chain script '/home/ubuntu/Documents/PubSub/install/setup.sh'
[17.453s] INFO:colcon.colcon_core.shell:Creating prefix script '/home/ubuntu/Documents/PubSub/install/local_setup.bash'
[17.456s] INFO:colcon.colcon_core.shell:Creating prefix chain script '/home/ubuntu/Documents/PubSub/install/setup.bash'
[17.551s] INFO:colcon.colcon_core.shell:Creating prefix script '/home/ubuntu/Documents/PubSub/install/local_setup.zsh'
[17.554s] INFO:colcon.colcon_core.shell:Creating prefix chain script '/home/ubuntu/Documents/PubSub/install/setup.zsh'
