running egg_info
writing ../../build/mpu6050_pub/mpu6050_pub.egg-info/PKG-INFO
writing dependency_links to ../../build/mpu6050_pub/mpu6050_pub.egg-info/dependency_links.txt
writing entry points to ../../build/mpu6050_pub/mpu6050_pub.egg-info/entry_points.txt
writing requirements to ../../build/mpu6050_pub/mpu6050_pub.egg-info/requires.txt
writing top-level names to ../../build/mpu6050_pub/mpu6050_pub.egg-info/top_level.txt
reading manifest file '../../build/mpu6050_pub/mpu6050_pub.egg-info/SOURCES.txt'
writing manifest file '../../build/mpu6050_pub/mpu6050_pub.egg-info/SOURCES.txt'
running build
running build_py
copying mpu6050_pub/mpu6050_pub.py -> /home/ubuntu/ros2_ws/build/mpu6050_pub/build/lib/mpu6050_pub
running install
/usr/lib/python3/dist-packages/setuptools/command/install.py:34: SetuptoolsDeprecationWarning: setup.py install is deprecated. Use build and pip and other standards-based tools.
  warnings.warn(
running install_lib
copying /home/ubuntu/ros2_ws/build/mpu6050_pub/build/lib/mpu6050_pub/mpu6050_pub.py -> /home/ubuntu/ros2_ws/install/mpu6050_pub/lib/python3.10/site-packages/mpu6050_pub
byte-compiling /home/ubuntu/ros2_ws/install/mpu6050_pub/lib/python3.10/site-packages/mpu6050_pub/mpu6050_pub.py to mpu6050_pub.cpython-310.pyc
running install_data
running install_egg_info
removing '/home/ubuntu/ros2_ws/install/mpu6050_pub/lib/python3.10/site-packages/mpu6050_pub-0.0.0-py3.10.egg-info' (and everything under it)
Copying ../../build/mpu6050_pub/mpu6050_pub.egg-info to /home/ubuntu/ros2_ws/install/mpu6050_pub/lib/python3.10/site-packages/mpu6050_pub-0.0.0-py3.10.egg-info
running install_scripts
Installing mpu6050_send script to /home/ubuntu/ros2_ws/install/mpu6050_pub/lib/mpu6050_pub
writing list of installed files to '/home/ubuntu/ros2_ws/build/mpu6050_pub/install.log'
