[4.508s] Invoking command in '/home/ubuntu/ros2_ws/src/mpu6050_pub': PYTHONPATH=/home/ubuntu/ros2_ws/build/mpu6050_pub/prefix_override:/home/ubuntu/ros2_ws/install/mpu6050_pub/lib/python3.10/site-packages:${PYTHONPATH} /usr/bin/python3 setup.py egg_info --egg-base ../../build/mpu6050_pub build --build-base /home/ubuntu/ros2_ws/build/mpu6050_pub/build install --record /home/ubuntu/ros2_ws/build/mpu6050_pub/install.log --single-version-externally-managed
[5.982s] running egg_info
[5.985s] writing ../../build/mpu6050_pub/mpu6050_pub.egg-info/PKG-INFO
[5.986s] writing dependency_links to ../../build/mpu6050_pub/mpu6050_pub.egg-info/dependency_links.txt
[5.987s] writing entry points to ../../build/mpu6050_pub/mpu6050_pub.egg-info/entry_points.txt
[5.989s] writing requirements to ../../build/mpu6050_pub/mpu6050_pub.egg-info/requires.txt
[5.989s] writing top-level names to ../../build/mpu6050_pub/mpu6050_pub.egg-info/top_level.txt
[5.999s] reading manifest file '../../build/mpu6050_pub/mpu6050_pub.egg-info/SOURCES.txt'
[6.004s] writing manifest file '../../build/mpu6050_pub/mpu6050_pub.egg-info/SOURCES.txt'
[6.005s] running build
[6.005s] running build_py
[6.007s] copying mpu6050_pub/mpu6050_pub.py -> /home/ubuntu/ros2_ws/build/mpu6050_pub/build/lib/mpu6050_pub
[6.008s] running install
[6.009s] /usr/lib/python3/dist-packages/setuptools/command/install.py:34: SetuptoolsDeprecationWarning: setup.py install is deprecated. Use build and pip and other standards-based tools.
[6.010s]   warnings.warn(
[6.011s] running install_lib
[6.021s] copying /home/ubuntu/ros2_ws/build/mpu6050_pub/build/lib/mpu6050_pub/mpu6050_pub.py -> /home/ubuntu/ros2_ws/install/mpu6050_pub/lib/python3.10/site-packages/mpu6050_pub
[6.024s] byte-compiling /home/ubuntu/ros2_ws/install/mpu6050_pub/lib/python3.10/site-packages/mpu6050_pub/mpu6050_pub.py to mpu6050_pub.cpython-310.pyc
[6.028s] running install_data
[6.031s] running install_egg_info
[6.039s] removing '/home/ubuntu/ros2_ws/install/mpu6050_pub/lib/python3.10/site-packages/mpu6050_pub-0.0.0-py3.10.egg-info' (and everything under it)
[6.041s] Copying ../../build/mpu6050_pub/mpu6050_pub.egg-info to /home/ubuntu/ros2_ws/install/mpu6050_pub/lib/python3.10/site-packages/mpu6050_pub-0.0.0-py3.10.egg-info
[6.047s] running install_scripts
[6.137s] Installing mpu6050_send script to /home/ubuntu/ros2_ws/install/mpu6050_pub/lib/mpu6050_pub
[6.139s] writing list of installed files to '/home/ubuntu/ros2_ws/build/mpu6050_pub/install.log'
[6.276s] Invoked command in '/home/ubuntu/ros2_ws/src/mpu6050_pub' returned '0': PYTHONPATH=/home/ubuntu/ros2_ws/build/mpu6050_pub/prefix_override:/home/ubuntu/ros2_ws/install/mpu6050_pub/lib/python3.10/site-packages:${PYTHONPATH} /usr/bin/python3 setup.py egg_info --egg-base ../../build/mpu6050_pub build --build-base /home/ubuntu/ros2_ws/build/mpu6050_pub/build install --record /home/ubuntu/ros2_ws/build/mpu6050_pub/install.log --single-version-externally-managed
