[6.234s] [34mcolcon[0m [1;30mDEBUG[0m [32mCommand line arguments: ['/usr/bin/colcon', 'build', '--packages-select', 'mpu6050driver'][0m
[6.235s] [34mcolcon[0m [1;30mDEBUG[0m [32mParsed command line arguments: Namespace(log_base=None, log_level=None, verb_name='build', build_base='build', install_base='install', merge_install=False, symlink_install=False, test_result_base=None, continue_on_error=False, executor='parallel', parallel_workers=4, event_handlers=None, ignore_user_meta=False, metas=['./colcon.meta'], base_paths=['.'], packages_ignore=None, packages_ignore_regex=None, paths=None, packages_up_to=None, packages_up_to_regex=None, packages_above=None, packages_above_and_dependencies=None, packages_above_depth=None, packages_select_by_dep=None, packages_skip_by_dep=None, packages_skip_up_to=None, packages_select_build_failed=False, packages_skip_build_finished=False, packages_select_test_failures=False, packages_skip_test_passed=False, packages_select=['mpu6050driver'], packages_skip=None, packages_select_regex=None, packages_skip_regex=None, packages_start=None, packages_end=None, allow_overriding=[], cmake_args=None, cmake_target=None, cmake_target_skip_unavailable=False, cmake_clean_cache=False, cmake_clean_first=False, cmake_force_configure=False, ament_cmake_args=None, catkin_cmake_args=None, catkin_skip_building_tests=False, verb_parser=<colcon_defaults.argument_parser.defaults.DefaultArgumentsDecorator object at 0xffff9bcb6650>, verb_extension=<colcon_core.verb.build.BuildVerb object at 0xffff9bf8efe0>, main=<bound method BuildVerb.main of <colcon_core.verb.build.BuildVerb object at 0xffff9bf8efe0>>)[0m
[6.505s] [34mcolcon.colcon_core.package_discovery[0m [1;30mLevel 1[0m discover_packages(colcon_meta) check parameters
[6.506s] [34mcolcon.colcon_core.package_discovery[0m [1;30mLevel 1[0m discover_packages(recursive) check parameters
[6.506s] [34mcolcon.colcon_core.package_discovery[0m [1;30mLevel 1[0m discover_packages(ignore) check parameters
[6.506s] [34mcolcon.colcon_core.package_discovery[0m [1;30mLevel 1[0m discover_packages(path) check parameters
[6.506s] [34mcolcon.colcon_core.package_discovery[0m [1;30mLevel 1[0m discover_packages(colcon_meta) discover
[6.506s] [34mcolcon.colcon_core.package_discovery[0m [1;30mLevel 1[0m discover_packages(recursive) discover
[6.507s] [34mcolcon.colcon_core.package_discovery[0m [1;30mINFO[0m Crawling recursively for packages in '/home/ubuntu/ros2_mpu6050_driver'
[6.507s] [34mcolcon.colcon_core.package_identification[0m [1;30mLevel 1[0m _identify(.) by extensions ['ignore', 'ignore_ament_install']
[6.508s] [34mcolcon.colcon_core.package_identification[0m [1;30mLevel 1[0m _identify(.) by extension 'ignore'
[6.508s] [34mcolcon.colcon_core.package_identification[0m [1;30mLevel 1[0m _identify(.) by extension 'ignore_ament_install'
[6.508s] [34mcolcon.colcon_core.package_identification[0m [1;30mLevel 1[0m _identify(.) by extensions ['colcon_pkg']
[6.508s] [34mcolcon.colcon_core.package_identification[0m [1;30mLevel 1[0m _identify(.) by extension 'colcon_pkg'
[6.509s] [34mcolcon.colcon_core.package_identification[0m [1;30mLevel 1[0m _identify(.) by extensions ['colcon_meta']
[6.509s] [34mcolcon.colcon_core.package_identification[0m [1;30mLevel 1[0m _identify(.) by extension 'colcon_meta'
[6.509s] [34mcolcon.colcon_core.package_identification[0m [1;30mLevel 1[0m _identify(.) by extensions ['ros']
[6.509s] [34mcolcon.colcon_core.package_identification[0m [1;30mLevel 1[0m _identify(.) by extension 'ros'
[6.569s] [34mcolcon.colcon_core.package_identification[0m [1;30mDEBUG[0m [32mPackage '.' with type 'ros.ament_cmake' and name 'mpu6050driver'[0m
[6.570s] [34mcolcon.colcon_core.package_discovery[0m [1;30mLevel 1[0m discover_packages(recursive) using defaults
[6.570s] [34mcolcon.colcon_core.package_discovery[0m [1;30mLevel 1[0m discover_packages(ignore) discover
[6.570s] [34mcolcon.colcon_core.package_discovery[0m [1;30mLevel 1[0m discover_packages(ignore) using defaults
[6.570s] [34mcolcon.colcon_core.package_discovery[0m [1;30mLevel 1[0m discover_packages(path) discover
[6.571s] [34mcolcon.colcon_core.package_discovery[0m [1;30mLevel 1[0m discover_packages(path) using defaults
[7.099s] [34mcolcon.colcon_core.package_discovery[0m [1;30mLevel 1[0m discover_packages(prefix_path) check parameters
[7.099s] [34mcolcon.colcon_core.package_discovery[0m [1;30mLevel 1[0m discover_packages(prefix_path) discover
[7.282s] [34mcolcon.colcon_installed_package_information.package_discovery[0m [1;30mDEBUG[0m [32mFound 1 installed packages in /home/ubuntu/ros2_ws/install[0m
[7.380s] [34mcolcon.colcon_installed_package_information.package_discovery[0m [1;30mDEBUG[0m [32mFound 298 installed packages in /opt/ros/humble[0m
[7.387s] [34mcolcon.colcon_core.package_discovery[0m [1;30mLevel 1[0m discover_packages(prefix_path) using defaults
[7.947s] [34mcolcon.colcon_core.verb[0m [1;30mLevel 5[0m set package 'mpu6050driver' build argument 'cmake_args' from command line to 'None'
[7.948s] [34mcolcon.colcon_core.verb[0m [1;30mLevel 5[0m set package 'mpu6050driver' build argument 'cmake_target' from command line to 'None'
[7.948s] [34mcolcon.colcon_core.verb[0m [1;30mLevel 5[0m set package 'mpu6050driver' build argument 'cmake_target_skip_unavailable' from command line to 'False'
[7.948s] [34mcolcon.colcon_core.verb[0m [1;30mLevel 5[0m set package 'mpu6050driver' build argument 'cmake_clean_cache' from command line to 'False'
[7.948s] [34mcolcon.colcon_core.verb[0m [1;30mLevel 5[0m set package 'mpu6050driver' build argument 'cmake_clean_first' from command line to 'False'
[7.948s] [34mcolcon.colcon_core.verb[0m [1;30mLevel 5[0m set package 'mpu6050driver' build argument 'cmake_force_configure' from command line to 'False'
[7.948s] [34mcolcon.colcon_core.verb[0m [1;30mLevel 5[0m set package 'mpu6050driver' build argument 'ament_cmake_args' from command line to 'None'
[7.948s] [34mcolcon.colcon_core.verb[0m [1;30mLevel 5[0m set package 'mpu6050driver' build argument 'catkin_cmake_args' from command line to 'None'
[7.948s] [34mcolcon.colcon_core.verb[0m [1;30mLevel 5[0m set package 'mpu6050driver' build argument 'catkin_skip_building_tests' from command line to 'False'
[7.949s] [34mcolcon.colcon_core.verb[0m [1;30mDEBUG[0m [32mBuilding package 'mpu6050driver' with the following arguments: {'ament_cmake_args': None, 'build_base': '/home/ubuntu/ros2_mpu6050_driver/build/mpu6050driver', 'catkin_cmake_args': None, 'catkin_skip_building_tests': False, 'cmake_args': None, 'cmake_clean_cache': False, 'cmake_clean_first': False, 'cmake_force_configure': False, 'cmake_target': None, 'cmake_target_skip_unavailable': False, 'install_base': '/home/ubuntu/ros2_mpu6050_driver/install/mpu6050driver', 'merge_install': False, 'path': '/home/ubuntu/ros2_mpu6050_driver', 'symlink_install': False, 'test_result_base': None}[0m
[8.038s] [34mcolcon.colcon_core.executor[0m [1;30mINFO[0m Executing jobs using 'parallel' executor
[8.130s] [34mcolcon.colcon_parallel_executor.executor.parallel[0m [1;30mDEBUG[0m [32mrun_until_complete[0m
[8.131s] [34mcolcon.colcon_ros.task.ament_cmake.build[0m [1;30mINFO[0m Building ROS package in '/home/ubuntu/ros2_mpu6050_driver' with build type 'ament_cmake'
[8.132s] [34mcolcon.colcon_cmake.task.cmake.build[0m [1;30mINFO[0m Building CMake package in '/home/ubuntu/ros2_mpu6050_driver'
[8.234s] [34mcolcon.colcon_core.plugin_system[0m [1;30mINFO[0m Skipping extension 'colcon_core.shell.bat': Not used on non-Windows systems
[8.235s] [34mcolcon.colcon_core.shell[0m [1;30mINFO[0m Skip shell extension 'powershell' for command environment: Not usable outside of PowerShell
[8.236s] [34mcolcon.colcon_core.shell[0m [1;30mDEBUG[0m [32mSkip shell extension 'dsv' for command environment[0m
[8.561s] [34mcolcon.colcon_core.event_handler.log_command[0m [1;30mDEBUG[0m [32mInvoking command in '/home/ubuntu/ros2_mpu6050_driver/build/mpu6050driver': CMAKE_PREFIX_PATH=/home/ubuntu/ros2_ws/install/mpu6050_ros:/opt/ros/humble /usr/bin/cmake --build /home/ubuntu/ros2_mpu6050_driver/build/mpu6050driver -- -j4 -l4[0m
[12.965s] [34mcolcon.colcon_core.event_handler.log_command[0m [1;30mDEBUG[0m [32mInvoked command in '/home/ubuntu/ros2_mpu6050_driver/build/mpu6050driver' returned '0': CMAKE_PREFIX_PATH=/home/ubuntu/ros2_ws/install/mpu6050_ros:/opt/ros/humble /usr/bin/cmake --build /home/ubuntu/ros2_mpu6050_driver/build/mpu6050driver -- -j4 -l4[0m
[13.160s] [34mcolcon.colcon_core.event_handler.log_command[0m [1;30mDEBUG[0m [32mInvoking command in '/home/ubuntu/ros2_mpu6050_driver/build/mpu6050driver': CMAKE_PREFIX_PATH=/home/ubuntu/ros2_ws/install/mpu6050_ros:/opt/ros/humble /usr/bin/cmake --install /home/ubuntu/ros2_mpu6050_driver/build/mpu6050driver[0m
[13.238s] [34mcolcon.colcon_core.environment[0m [1;30mLevel 1[0m create_environment_scripts_only(mpu6050driver)
[13.240s] [34mcolcon.colcon_core.event_handler.log_command[0m [1;30mDEBUG[0m [32mInvoked command in '/home/ubuntu/ros2_mpu6050_driver/build/mpu6050driver' returned '0': CMAKE_PREFIX_PATH=/home/ubuntu/ros2_ws/install/mpu6050_ros:/opt/ros/humble /usr/bin/cmake --install /home/ubuntu/ros2_mpu6050_driver/build/mpu6050driver[0m
[13.343s] [34mcolcon.colcon_core.environment[0m [1;30mLevel 1[0m checking '/home/ubuntu/ros2_mpu6050_driver/install/mpu6050driver' for CMake module files
[13.347s] [34mcolcon.colcon_core.environment[0m [1;30mLevel 1[0m checking '/home/ubuntu/ros2_mpu6050_driver/install/mpu6050driver' for CMake config files
[13.349s] [34mcolcon.colcon_core.shell[0m [1;30mLevel 1[0m create_environment_hook('mpu6050driver', 'cmake_prefix_path')
[13.440s] [34mcolcon.colcon_core.shell[0m [1;30mINFO[0m Creating environment hook '/home/ubuntu/ros2_mpu6050_driver/install/mpu6050driver/share/mpu6050driver/hook/cmake_prefix_path.ps1'
[13.443s] [34mcolcon.colcon_core.shell[0m [1;30mINFO[0m Creating environment descriptor '/home/ubuntu/ros2_mpu6050_driver/install/mpu6050driver/share/mpu6050driver/hook/cmake_prefix_path.dsv'
[13.445s] [34mcolcon.colcon_core.shell[0m [1;30mINFO[0m Creating environment hook '/home/ubuntu/ros2_mpu6050_driver/install/mpu6050driver/share/mpu6050driver/hook/cmake_prefix_path.sh'
[13.450s] [34mcolcon.colcon_core.environment[0m [1;30mLevel 1[0m checking '/home/ubuntu/ros2_mpu6050_driver/install/mpu6050driver/lib'
[13.450s] [34mcolcon.colcon_core.environment[0m [1;30mLevel 1[0m checking '/home/ubuntu/ros2_mpu6050_driver/install/mpu6050driver/bin'
[13.451s] [34mcolcon.colcon_core.environment[0m [1;30mLevel 1[0m checking '/home/ubuntu/ros2_mpu6050_driver/install/mpu6050driver/lib/pkgconfig/mpu6050driver.pc'
[13.452s] [34mcolcon.colcon_core.environment[0m [1;30mLevel 1[0m checking '/home/ubuntu/ros2_mpu6050_driver/install/mpu6050driver/lib/python3.10/site-packages'
[13.453s] [34mcolcon.colcon_core.environment[0m [1;30mLevel 1[0m checking '/home/ubuntu/ros2_mpu6050_driver/install/mpu6050driver/bin'
[13.548s] [34mcolcon.colcon_core.shell[0m [1;30mINFO[0m Creating package script '/home/ubuntu/ros2_mpu6050_driver/install/mpu6050driver/share/mpu6050driver/package.ps1'
[13.552s] [34mcolcon.colcon_core.shell[0m [1;30mINFO[0m Creating package descriptor '/home/ubuntu/ros2_mpu6050_driver/install/mpu6050driver/share/mpu6050driver/package.dsv'
[13.555s] [34mcolcon.colcon_core.shell[0m [1;30mINFO[0m Creating package script '/home/ubuntu/ros2_mpu6050_driver/install/mpu6050driver/share/mpu6050driver/package.sh'
[13.558s] [34mcolcon.colcon_core.shell[0m [1;30mINFO[0m Creating package script '/home/ubuntu/ros2_mpu6050_driver/install/mpu6050driver/share/mpu6050driver/package.bash'
[13.562s] [34mcolcon.colcon_core.shell[0m [1;30mINFO[0m Creating package script '/home/ubuntu/ros2_mpu6050_driver/install/mpu6050driver/share/mpu6050driver/package.zsh'
[13.565s] [34mcolcon.colcon_core.environment[0m [1;30mLevel 1[0m create_file_with_runtime_dependencies(/home/ubuntu/ros2_mpu6050_driver/install/mpu6050driver/share/colcon-core/packages/mpu6050driver)
[13.809s] [34mcolcon.colcon_core.environment[0m [1;30mLevel 1[0m create_environment_scripts_only(mpu6050driver)
[13.902s] [34mcolcon.colcon_core.environment[0m [1;30mLevel 1[0m checking '/home/ubuntu/ros2_mpu6050_driver/install/mpu6050driver' for CMake module files
[13.905s] [34mcolcon.colcon_core.environment[0m [1;30mLevel 1[0m checking '/home/ubuntu/ros2_mpu6050_driver/install/mpu6050driver' for CMake config files
[13.908s] [34mcolcon.colcon_core.shell[0m [1;30mLevel 1[0m create_environment_hook('mpu6050driver', 'cmake_prefix_path')
[14.000s] [34mcolcon.colcon_core.shell[0m [1;30mINFO[0m Creating environment hook '/home/ubuntu/ros2_mpu6050_driver/install/mpu6050driver/share/mpu6050driver/hook/cmake_prefix_path.ps1'
[14.002s] [34mcolcon.colcon_core.shell[0m [1;30mINFO[0m Creating environment descriptor '/home/ubuntu/ros2_mpu6050_driver/install/mpu6050driver/share/mpu6050driver/hook/cmake_prefix_path.dsv'
[14.004s] [34mcolcon.colcon_core.shell[0m [1;30mINFO[0m Creating environment hook '/home/ubuntu/ros2_mpu6050_driver/install/mpu6050driver/share/mpu6050driver/hook/cmake_prefix_path.sh'
[14.007s] [34mcolcon.colcon_core.environment[0m [1;30mLevel 1[0m checking '/home/ubuntu/ros2_mpu6050_driver/install/mpu6050driver/lib'
[14.008s] [34mcolcon.colcon_core.environment[0m [1;30mLevel 1[0m checking '/home/ubuntu/ros2_mpu6050_driver/install/mpu6050driver/bin'
[14.008s] [34mcolcon.colcon_core.environment[0m [1;30mLevel 1[0m checking '/home/ubuntu/ros2_mpu6050_driver/install/mpu6050driver/lib/pkgconfig/mpu6050driver.pc'
[14.009s] [34mcolcon.colcon_core.environment[0m [1;30mLevel 1[0m checking '/home/ubuntu/ros2_mpu6050_driver/install/mpu6050driver/lib/python3.10/site-packages'
[14.010s] [34mcolcon.colcon_core.environment[0m [1;30mLevel 1[0m checking '/home/ubuntu/ros2_mpu6050_driver/install/mpu6050driver/bin'
[14.102s] [34mcolcon.colcon_core.shell[0m [1;30mINFO[0m Creating package script '/home/ubuntu/ros2_mpu6050_driver/install/mpu6050driver/share/mpu6050driver/package.ps1'
[14.105s] [34mcolcon.colcon_core.shell[0m [1;30mINFO[0m Creating package descriptor '/home/ubuntu/ros2_mpu6050_driver/install/mpu6050driver/share/mpu6050driver/package.dsv'
[14.107s] [34mcolcon.colcon_core.shell[0m [1;30mINFO[0m Creating package script '/home/ubuntu/ros2_mpu6050_driver/install/mpu6050driver/share/mpu6050driver/package.sh'
[14.110s] [34mcolcon.colcon_core.shell[0m [1;30mINFO[0m Creating package script '/home/ubuntu/ros2_mpu6050_driver/install/mpu6050driver/share/mpu6050driver/package.bash'
[14.112s] [34mcolcon.colcon_core.shell[0m [1;30mINFO[0m Creating package script '/home/ubuntu/ros2_mpu6050_driver/install/mpu6050driver/share/mpu6050driver/package.zsh'
[14.114s] [34mcolcon.colcon_core.environment[0m [1;30mLevel 1[0m create_file_with_runtime_dependencies(/home/ubuntu/ros2_mpu6050_driver/install/mpu6050driver/share/colcon-core/packages/mpu6050driver)
[14.116s] [34mcolcon.colcon_parallel_executor.executor.parallel[0m [1;30mDEBUG[0m [32mclosing loop[0m
[14.117s] [34mcolcon.colcon_parallel_executor.executor.parallel[0m [1;30mDEBUG[0m [32mloop closed[0m
[14.117s] [34mcolcon.colcon_parallel_executor.executor.parallel[0m [1;30mDEBUG[0m [32mrun_until_complete finished with '0'[0m
[14.118s] [34mcolcon.colcon_core.event_reactor[0m [1;30mDEBUG[0m [32mjoining thread[0m
[14.263s] [34mcolcon.colcon_core.plugin_system[0m [1;30mINFO[0m Skipping extension 'colcon_notification.desktop_notification.terminal_notifier': Not used on non-Darwin systems
[14.263s] [34mcolcon.colcon_core.plugin_system[0m [1;30mINFO[0m Skipping extension 'colcon_notification.desktop_notification.win32': Not used on non-Windows systems
[14.264s] [34mcolcon.colcon_notification.desktop_notification[0m [1;30mINFO[0m Sending desktop notification using 'notify2'
[14.317s] [34mcolcon.colcon_core.event_reactor[0m [1;30mDEBUG[0m [32mjoined thread[0m
[14.407s] [34mcolcon.colcon_core.shell[0m [1;30mINFO[0m Creating prefix script '/home/ubuntu/ros2_mpu6050_driver/install/local_setup.ps1'
[14.411s] [34mcolcon.colcon_core.shell[0m [1;30mINFO[0m Creating prefix util module '/home/ubuntu/ros2_mpu6050_driver/install/_local_setup_util_ps1.py'
[14.417s] [34mcolcon.colcon_core.shell[0m [1;30mINFO[0m Creating prefix chain script '/home/ubuntu/ros2_mpu6050_driver/install/setup.ps1'
[14.513s] [34mcolcon.colcon_core.shell[0m [1;30mINFO[0m Creating prefix script '/home/ubuntu/ros2_mpu6050_driver/install/local_setup.sh'
[14.515s] [34mcolcon.colcon_core.shell[0m [1;30mINFO[0m Creating prefix util module '/home/ubuntu/ros2_mpu6050_driver/install/_local_setup_util_sh.py'
[14.518s] [34mcolcon.colcon_core.shell[0m [1;30mINFO[0m Creating prefix chain script '/home/ubuntu/ros2_mpu6050_driver/install/setup.sh'
[14.611s] [34mcolcon.colcon_core.shell[0m [1;30mINFO[0m Creating prefix script '/home/ubuntu/ros2_mpu6050_driver/install/local_setup.bash'
[14.614s] [34mcolcon.colcon_core.shell[0m [1;30mINFO[0m Creating prefix chain script '/home/ubuntu/ros2_mpu6050_driver/install/setup.bash'
[14.708s] [34mcolcon.colcon_core.shell[0m [1;30mINFO[0m Creating prefix script '/home/ubuntu/ros2_mpu6050_driver/install/local_setup.zsh'
[14.711s] [34mcolcon.colcon_core.shell[0m [1;30mINFO[0m Creating prefix chain script '/home/ubuntu/ros2_mpu6050_driver/install/setup.zsh'
