running develop
/usr/lib/python3/dist-packages/setuptools/command/easy_install.py:158: EasyInstallDeprecationWarning: easy_install command is deprecated. Use build and pip and other standards-based tools.
  warnings.warn(
/usr/lib/python3/dist-packages/setuptools/command/install.py:34: SetuptoolsDeprecationWarning: setup.py install is deprecated. Use build and pip and other standards-based tools.
  warnings.warn(
running egg_info
creating PubSub.egg-info
writing PubSub.egg-info/PKG-INFO
package init file 'PubSub/__init__.py' not found (or not a regular file)
writing dependency_links to PubSub.egg-info/dependency_links.txt
writing entry points to PubSub.egg-info/entry_points.txt
writing requirements to PubSub.egg-info/requires.txt
writing top-level names to PubSub.egg-info/top_level.txt
writing manifest file 'PubSub.egg-info/SOURCES.txt'
reading manifest file 'PubSub.egg-info/SOURCES.txt'
writing manifest file 'PubSub.egg-info/SOURCES.txt'
running build_ext
Creating /home/ubuntu/Documents/PubSub/install/PubSub/lib/python3.10/site-packages/PubSub.egg-link (link to .)
Installing publisher_node script to /home/ubuntu/Documents/PubSub/install/PubSub/lib/PubSub
Installing subscriber_node script to /home/ubuntu/Documents/PubSub/install/PubSub/lib/PubSub

Installed /home/ubuntu/Documents/PubSub/build/PubSub
